# JRE version: OpenJDK Runtime Environment (8.0_242-b01) (build 1.8.0_242-release-1644-b01)
# Java VM: OpenJDK 64-Bit Server VM (25.242-b01 mixed mode windows-amd64 compressed oops)
Heap:
 PSYoungGen      total 109056K, used 76619K [0x00000000d5580000, 0x00000000df380000, 0x0000000100000000)
  eden space 89088K, 63% used [0x00000000d5580000,0x00000000d8cd5c70,0x00000000dac80000)
  from space 19968K, 99% used [0x00000000dca80000,0x00000000dddfcf90,0x00000000dde00000)
  to   space 30720K, 0% used [0x00000000dac80000,0x00000000dac80000,0x00000000dca80000)
 ParOldGen       total 137728K, used 53900K [0x0000000080000000, 0x0000000088680000, 0x00000000d5580000)
  object space 137728K, 39% used [0x0000000080000000,0x00000000834a3128,0x0000000088680000)
 Metaspace       used 70993K, capacity 74306K, committed 74392K, reserved 1114112K
  class space    used 9725K, capacity 10378K, committed 10416K, reserved 1048576K
GC Heap History (10 events):
Event: 66.028 GC heap before
{Heap before GC invocations=21 (full 3):
 PSYoungGen      total 88576K, used 73728K [0x00000000d5580000, 0x00000000dc980000, 0x0000000100000000)
  eden space 73728K, 100% used [0x00000000d5580000,0x00000000d9d80000,0x00000000d9d80000)
  from space 14848K, 0% used [0x00000000d9d80000,0x00000000d9d80000,0x00000000dac00000)
  to   space 17408K, 0% used [0x00000000db880000,0x00000000db880000,0x00000000dc980000)
 ParOldGen       total 137728K, used 32610K [0x0000000080000000, 0x0000000088680000, 0x00000000d5580000)
  object space 137728K, 23% used [0x0000000080000000,0x0000000081fd8818,0x0000000088680000)
 Metaspace       used 61822K, capacity 64486K, committed 64664K, reserved 1105920K
  class space    used 8594K, capacity 9110K, committed 9136K, reserved 1048576K
Event: 66.045 GC heap after
Heap after GC invocations=21 (full 3):
 PSYoungGen      total 97280K, used 8347K [0x00000000d5580000, 0x00000000dc680000, 0x0000000100000000)
  eden space 82944K, 0% used [0x00000000d5580000,0x00000000d5580000,0x00000000da680000)
  from space 14336K, 58% used [0x00000000db880000,0x00000000dc0a6d80,0x00000000dc680000)
  to   space 16384K, 0% used [0x00000000da680000,0x00000000da680000,0x00000000db680000)
 ParOldGen       total 137728K, used 32618K [0x0000000080000000, 0x0000000088680000, 0x00000000d5580000)
  object space 137728K, 23% used [0x0000000080000000,0x0000000081fda818,0x0000000088680000)
 Metaspace       used 61822K, capacity 64486K, committed 64664K, reserved 1105920K
  class space    used 8594K, capacity 9110K, committed 9136K, reserved 1048576K
}
Event: 78.071 GC heap before
{Heap before GC invocations=22 (full 3):
 PSYoungGen      total 97280K, used 90802K [0x00000000d5580000, 0x00000000dc680000, 0x0000000100000000)
  eden space 82944K, 99% used [0x00000000d5580000,0x00000000da605e48,0x00000000da680000)
  from space 14336K, 58% used [0x00000000db880000,0x00000000dc0a6d80,0x00000000dc680000)
  to   space 16384K, 0% used [0x00000000da680000,0x00000000da680000,0x00000000db680000)
 ParOldGen       total 137728K, used 32618K [0x0000000080000000, 0x0000000088680000, 0x00000000d5580000)
  object space 137728K, 23% used [0x0000000080000000,0x0000000081fda818,0x0000000088680000)
 Metaspace       used 63387K, capacity 66290K, committed 66456K, reserved 1105920K
  class space    used 8761K, capacity 9306K, committed 9392K, reserved 1048576K
Event: 78.088 GC heap after
Heap after GC invocations=22 (full 3):
 PSYoungGen      total 99328K, used 10725K [0x00000000d5580000, 0x00000000dd080000, 0x0000000100000000)
  eden space 82944K, 0% used [0x00000000d5580000,0x00000000d5580000,0x00000000da680000)
  from space 16384K, 65% used [0x00000000da680000,0x00000000db0f9588,0x00000000db680000)
  to   space 16896K, 0% used [0x00000000dc000000,0x00000000dc000000,0x00000000dd080000)
 ParOldGen       total 137728K, used 32626K [0x0000000080000000, 0x0000000088680000, 0x00000000d5580000)
  object space 137728K, 23% used [0x0000000080000000,0x0000000081fdc818,0x0000000088680000)
 Metaspace       used 63387K, capacity 66290K, committed 66456K, reserved 1105920K
  class space    used 8761K, capacity 9306K, committed 9392K, reserved 1048576K
}
Event: 84.818 GC heap before
{Heap before GC invocations=23 (full 3):
 PSYoungGen      total 99328K, used 93669K [0x00000000d5580000, 0x00000000dd080000, 0x0000000100000000)
  eden space 82944K, 100% used [0x00000000d5580000,0x00000000da680000,0x00000000da680000)
  from space 16384K, 65% used [0x00000000da680000,0x00000000db0f9588,0x00000000db680000)
  to   space 16896K, 0% used [0x00000000dc000000,0x00000000dc000000,0x00000000dd080000)
 ParOldGen       total 137728K, used 32626K [0x0000000080000000, 0x0000000088680000, 0x00000000d5580000)
  object space 137728K, 23% used [0x0000000080000000,0x0000000081fdc818,0x0000000088680000)
 Metaspace       used 65234K, capacity 68236K, committed 68504K, reserved 1107968K
  class space    used 8978K, capacity 9543K, committed 9648K, reserved 1048576K
Event: 84.833 GC heap after
Heap after GC invocations=23 (full 3):
 PSYoungGen      total 108032K, used 12552K [0x00000000d5580000, 0x00000000dd080000, 0x0000000100000000)
  eden space 91136K, 0% used [0x00000000d5580000,0x00000000d5580000,0x00000000dae80000)
  from space 16896K, 74% used [0x00000000dc000000,0x00000000dcc42000,0x00000000dd080000)
  to   space 17408K, 0% used [0x00000000dae80000,0x00000000dae80000,0x00000000dbf80000)
 ParOldGen       total 137728K, used 32634K [0x0000000080000000, 0x0000000088680000, 0x00000000d5580000)
  object space 137728K, 23% used [0x0000000080000000,0x0000000081fde818,0x0000000088680000)
 Metaspace       used 65234K, capacity 68236K, committed 68504K, reserved 1107968K
  class space    used 8978K, capacity 9543K, committed 9648K, reserved 1048576K
}
Event: 92.105 GC heap before
{Heap before GC invocations=24 (full 3):
 PSYoungGen      total 108032K, used 103303K [0x00000000d5580000, 0x00000000dd080000, 0x0000000100000000)
  eden space 91136K, 99% used [0x00000000d5580000,0x00000000dae1fef0,0x00000000dae80000)
  from space 16896K, 74% used [0x00000000dc000000,0x00000000dcc42000,0x00000000dd080000)
  to   space 17408K, 0% used [0x00000000dae80000,0x00000000dae80000,0x00000000dbf80000)
 ParOldGen       total 137728K, used 32634K [0x0000000080000000, 0x0000000088680000, 0x00000000d5580000)
  object space 137728K, 23% used [0x0000000080000000,0x0000000081fde818,0x0000000088680000)
 Metaspace       used 66405K, capacity 69502K, committed 69656K, reserved 1110016K
  class space    used 9136K, capacity 9722K, committed 9776K, reserved 1048576K
Event: 92.123 GC heap after
Heap after GC invocations=24 (full 3):
 PSYoungGen      total 108544K, used 17392K [0x00000000d5580000, 0x00000000dde00000, 0x0000000100000000)
  eden space 91136K, 0% used [0x00000000d5580000,0x00000000d5580000,0x00000000dae80000)
  from space 17408K, 99% used [0x00000000dae80000,0x00000000dbf7c120,0x00000000dbf80000)
  to   space 19968K, 0% used [0x00000000dca80000,0x00000000dca80000,0x00000000dde00000)
 ParOldGen       total 137728K, used 33322K [0x0000000080000000, 0x0000000088680000, 0x00000000d5580000)
  object space 137728K, 24% used [0x0000000080000000,0x000000008208a870,0x0000000088680000)
 Metaspace       used 66405K, capacity 69502K, committed 69656K, reserved 1110016K
  class space    used 9136K, capacity 9722K, committed 9776K, reserved 1048576K
}
Event: 99.012 GC heap before
{Heap before GC invocations=25 (full 3):
 PSYoungGen      total 108544K, used 107710K [0x00000000d5580000, 0x00000000dde00000, 0x0000000100000000)
  eden space 91136K, 99% used [0x00000000d5580000,0x00000000dadb3788,0x00000000dae80000)
  from space 17408K, 99% used [0x00000000dae80000,0x00000000dbf7c120,0x00000000dbf80000)
  to   space 19968K, 0% used [0x00000000dca80000,0x00000000dca80000,0x00000000dde00000)
 ParOldGen       total 137728K, used 33322K [0x0000000080000000, 0x0000000088680000, 0x00000000d5580000)
  object space 137728K, 24% used [0x0000000080000000,0x000000008208a870,0x0000000088680000)
 Metaspace       used 70698K, capacity 74000K, committed 74136K, reserved 1114112K
  class space    used 9689K, capacity 10343K, committed 10416K, reserved 1048576K
Event: 99.045 GC heap after
Heap after GC invocations=25 (full 3):
 PSYoungGen      total 109056K, used 19955K [0x00000000d5580000, 0x00000000df380000, 0x0000000100000000)
  eden space 89088K, 0% used [0x00000000d5580000,0x00000000d5580000,0x00000000dac80000)
  from space 19968K, 99% used [0x00000000dca80000,0x00000000dddfcf90,0x00000000dde00000)
  to   space 30720K, 0% used [0x00000000dac80000,0x00000000dac80000,0x00000000dca80000)
 ParOldGen       total 137728K, used 53900K [0x0000000080000000, 0x0000000088680000, 0x00000000d5580000)
  object space 137728K, 39% used [0x0000000080000000,0x00000000834a3128,0x0000000088680000)
 Metaspace       used 70698K, capacity 74000K, committed 74136K, reserved 1114112K
  class space    used 9689K, capacity 10343K, committed 10416K, reserved 1048576K
}

